Flow report for circuitoAdicional
Fri Dec 08 15:20:51 2017
Quartus II 64-Bit Version 13.0.1 Build 232 06/12/2013 Service Pack 1 SJ Web Edition


---------------------
; Table of Contents ;
---------------------
  1. Legal Notice
  2. Flow Summary
  3. Flow Settings
  4. Flow Non-Default Global Settings
  5. Flow Elapsed Time
  6. Flow OS Summary
  7. Flow Log
  8. Flow Messages
  9. Flow Suppressed Messages



----------------
; Legal Notice ;
----------------
Copyright (C) 1991-2013 Altera Corporation
Your use of Altera Corporation's design tools, logic functions 
and other software and tools, and its AMPP partner logic 
functions, and any output files from any of the foregoing 
(including device programming or simulation files), and any 
associated documentation or information are expressly subject 
to the terms and conditions of the Altera Program License 
Subscription Agreement, Altera MegaCore Function License 
Agreement, or other applicable license agreement, including, 
without limitation, that your use is for the sole purpose of 
programming logic devices manufactured by Altera and sold by 
Altera or its authorized distributors.  Please refer to the 
applicable agreement for further details.



+--------------------------------------------------------------------------------------+
; Flow Summary                                                                         ;
+------------------------------------+-------------------------------------------------+
; Flow Status                        ; Successful - Fri Dec 08 15:20:51 2017           ;
; Quartus II 64-Bit Version          ; 13.0.1 Build 232 06/12/2013 SP 1 SJ Web Edition ;
; Revision Name                      ; circuitoAdicional                               ;
; Top-level Entity Name              ; circuitoAdicional                               ;
; Family                             ; Cyclone II                                      ;
; Device                             ; EP2C20F484C7                                    ;
; Timing Models                      ; Final                                           ;
; Total logic elements               ; 3 / 18,752 ( < 1 % )                            ;
;     Total combinational functions  ; 2 / 18,752 ( < 1 % )                            ;
;     Dedicated logic registers      ; 3 / 18,752 ( < 1 % )                            ;
; Total registers                    ; 3                                               ;
; Total pins                         ; 4 / 315 ( 1 % )                                 ;
; Total virtual pins                 ; 0                                               ;
; Total memory bits                  ; 0 / 239,616 ( 0 % )                             ;
; Embedded Multiplier 9-bit elements ; 0 / 52 ( 0 % )                                  ;
; Total PLLs                         ; 0 / 4 ( 0 % )                                   ;
+------------------------------------+-------------------------------------------------+


+-----------------------------------------+
; Flow Settings                           ;
+-------------------+---------------------+
; Option            ; Setting             ;
+-------------------+---------------------+
; Start date & time ; 12/08/2017 15:20:32 ;
; Main task         ; Compilation         ;
; Revision Name     ; circuitoAdicional   ;
+-------------------+---------------------+


+--------------------------------------------------------------------------------------------------------------------------+
; Flow Non-Default Global Settings                                                                                         ;
+--------------------------------------+------------------------------+---------------+-------------+----------------------+
; Assignment Name                      ; Value                        ; Default Value ; Entity Name ; Section Id           ;
+--------------------------------------+------------------------------+---------------+-------------+----------------------+
; COMPILER_SIGNATURE_ID                ; 963361450667.151275363101924 ; --            ; --          ; --                   ;
; EDA_DESIGN_INSTANCE_NAME             ; NA                           ; --            ; --          ; circuitoAdicional_TB ;
; EDA_NATIVELINK_SIMULATION_TEST_BENCH ; circuitoAdicional_TB         ; --            ; --          ; eda_simulation       ;
; EDA_OUTPUT_DATA_FORMAT               ; Verilog Hdl                  ; --            ; --          ; eda_simulation       ;
; EDA_SIMULATION_TOOL                  ; ModelSim-Altera (Verilog)    ; <None>        ; --          ; --                   ;
; EDA_TEST_BENCH_ENABLE_STATUS         ; NOT_USED                     ; --            ; --          ; eda_simulation       ;
; EDA_TEST_BENCH_FILE                  ; circuitoAdicional_TB.v       ; --            ; --          ; circuitoAdicional_TB ;
; EDA_TEST_BENCH_MODULE_NAME           ; circuitoAdicional_TB         ; --            ; --          ; circuitoAdicional_TB ;
; EDA_TEST_BENCH_NAME                  ; circuitoAdicional_TB         ; --            ; --          ; eda_simulation       ;
; EDA_TIME_SCALE                       ; 1 ps                         ; --            ; --          ; eda_simulation       ;
; MAX_CORE_JUNCTION_TEMP               ; 85                           ; --            ; --          ; --                   ;
; MIN_CORE_JUNCTION_TEMP               ; 0                            ; --            ; --          ; --                   ;
; PARTITION_COLOR                      ; 16764057                     ; --            ; --          ; Top                  ;
; PARTITION_FITTER_PRESERVATION_LEVEL  ; PLACEMENT_AND_ROUTING        ; --            ; --          ; Top                  ;
; PARTITION_NETLIST_TYPE               ; SOURCE                       ; --            ; --          ; Top                  ;
; PROJECT_OUTPUT_DIRECTORY             ; output_files                 ; --            ; --          ; --                   ;
+--------------------------------------+------------------------------+---------------+-------------+----------------------+


+-------------------------------------------------------------------------------------------------------------------------------+
; Flow Elapsed Time                                                                                                             ;
+---------------------------+--------------+-------------------------+---------------------+------------------------------------+
; Module Name               ; Elapsed Time ; Average Processors Used ; Peak Virtual Memory ; Total CPU Time (on all processors) ;
+---------------------------+--------------+-------------------------+---------------------+------------------------------------+
; Analysis & Synthesis      ; 00:00:02     ; 1.0                     ; 457 MB              ; 00:00:02                           ;
; Fitter                    ; 00:00:07     ; 1.0                     ; 640 MB              ; 00:00:07                           ;
; Assembler                 ; 00:00:03     ; 1.0                     ; 420 MB              ; 00:00:03                           ;
; TimeQuest Timing Analyzer ; 00:00:02     ; 1.0                     ; 402 MB              ; 00:00:02                           ;
; EDA Netlist Writer        ; 00:00:01     ; 1.0                     ; 386 MB              ; 00:00:01                           ;
; Total                     ; 00:00:15     ; --                      ; --                  ; 00:00:15                           ;
+---------------------------+--------------+-------------------------+---------------------+------------------------------------+


+----------------------------------------------------------------------------------------+
; Flow OS Summary                                                                        ;
+---------------------------+------------------+-----------+------------+----------------+
; Module Name               ; Machine Hostname ; OS Name   ; OS Version ; Processor type ;
+---------------------------+------------------+-----------+------------+----------------+
; Analysis & Synthesis      ; DESKTOP-4R8U9HV  ; Windows 7 ; 6.2        ; x86_64         ;
; Fitter                    ; DESKTOP-4R8U9HV  ; Windows 7 ; 6.2        ; x86_64         ;
; Assembler                 ; DESKTOP-4R8U9HV  ; Windows 7 ; 6.2        ; x86_64         ;
; TimeQuest Timing Analyzer ; DESKTOP-4R8U9HV  ; Windows 7 ; 6.2        ; x86_64         ;
; EDA Netlist Writer        ; DESKTOP-4R8U9HV  ; Windows 7 ; 6.2        ; x86_64         ;
+---------------------------+------------------+-----------+------------+----------------+


------------
; Flow Log ;
------------
quartus_map --read_settings_files=on --write_settings_files=off circuitoAdicional -c circuitoAdicional
quartus_fit --read_settings_files=off --write_settings_files=off circuitoAdicional -c circuitoAdicional
quartus_asm --read_settings_files=off --write_settings_files=off circuitoAdicional -c circuitoAdicional
quartus_sta circuitoAdicional -c circuitoAdicional
quartus_eda --read_settings_files=off --write_settings_files=off circuitoAdicional -c circuitoAdicional



